[    21.845] 
X.Org X Server 1.21.1.11
X Protocol Version 11, Revision 0
[    21.846] Current Operating System: Linux arch 6.8.2-arch2-1 #1 SMP PREEMPT_DYNAMIC Thu, 28 Mar 2024 17:06:35 +0000 x86_64
[    21.846] Kernel command line: BOOT_IMAGE=/vmlinuz-linux root=UUID=297a4d88-208f-4186-839d-4b735b4aba00 rw loglevel=3 quiet
[    21.846]  
[    21.846] Current version of pixman: 0.43.4
[    21.846] 	Before reporting problems, check http://wiki.x.org
	to make sure that you have the latest version.
[    21.846] Markers: (--) probed, (**) from config file, (==) default setting,
	(++) from command line, (!!) notice, (II) informational,
	(WW) warning, (EE) error, (NI) not implemented, (??) unknown.
[    21.846] (==) Log file: "/home/7n8/.local/share/xorg/Xorg.0.log", Time: Sat Apr  6 16:44:43 2024
[    21.850] (==) Using system config directory "/usr/share/X11/xorg.conf.d"
[    21.850] (==) No Layout section.  Using the first Screen section.
[    21.850] (==) No screen section available. Using defaults.
[    21.851] (**) |-->Screen "Default Screen Section" (0)
[    21.851] (**) |   |-->Monitor "<default monitor>"
[    21.851] (==) No monitor specified for screen "Default Screen Section".
	Using a default monitor configuration.
[    21.851] (==) Automatically adding devices
[    21.851] (==) Automatically enabling devices
[    21.851] (==) Automatically adding GPU devices
[    21.851] (==) Automatically binding GPU devices
[    21.851] (==) Max clients allowed: 256, resource mask: 0x1fffff
[    21.852] (WW) The directory "/usr/share/fonts/Type1" does not exist.
[    21.852] 	Entry deleted from font path.
[    21.853] (==) FontPath set to:
	/usr/share/fonts/misc,
	/usr/share/fonts/TTF,
	/usr/share/fonts/OTF,
	/usr/share/fonts/100dpi,
	/usr/share/fonts/75dpi
[    21.853] (==) ModulePath set to "/usr/lib/xorg/modules"
[    21.853] (II) The server relies on udev to provide the list of input devices.
	If no devices become available, reconfigure udev or disable AutoAddDevices.
[    21.853] (II) Module ABI versions:
[    21.853] 	X.Org ANSI C Emulation: 0.4
[    21.853] 	X.Org Video Driver: 25.2
[    21.853] 	X.Org XInput driver : 24.4
[    21.853] 	X.Org Server Extension : 10.0
[    21.854] (++) using VT number 1

[    21.855] (II) systemd-logind: took control of session /org/freedesktop/login1/session/_31
[    21.857] (II) xfree86: Adding drm device (/dev/dri/card1)
[    21.857] (II) Platform probe for /sys/devices/pci0000:00/0000:00:02.0/drm/card1
[    21.857] (II) systemd-logind: got fd for /dev/dri/card1 226:1 fd 13 paused 0
[    21.862] (--) PCI:*(0@0:2:0) 8086:5917:17aa:225c rev 7, Mem @ 0x2ffa000000/16777216, 0xb0000000/268435456, I/O @ 0x0000e000/64, BIOS @ 0x????????/131072
[    21.862] (WW) Open ACPI failed (/var/run/acpid.socket) (No such file or directory)
[    21.862] (II) LoadModule: "glx"
[    21.862] (II) Loading /usr/lib/xorg/modules/extensions/libglx.so
[    21.869] (II) Module glx: vendor="X.Org Foundation"
[    21.869] 	compiled for 1.21.1.11, module version = 1.0.0
[    21.869] 	ABI class: X.Org Server Extension, version 10.0
[    21.869] (==) Matched intel as autoconfigured driver 0
[    21.869] (==) Matched modesetting as autoconfigured driver 1
[    21.869] (==) Matched fbdev as autoconfigured driver 2
[    21.869] (==) Matched vesa as autoconfigured driver 3
[    21.869] (==) Assigned the driver to the xf86ConfigLayout
[    21.869] (II) LoadModule: "intel"
[    21.869] (WW) Warning, couldn't open module intel
[    21.869] (EE) Failed to load module "intel" (module does not exist, 0)
[    21.869] (II) LoadModule: "modesetting"
[    21.869] (II) Loading /usr/lib/xorg/modules/drivers/modesetting_drv.so
[    21.872] (II) Module modesetting: vendor="X.Org Foundation"
[    21.872] 	compiled for 1.21.1.11, module version = 1.21.1
[    21.872] 	Module class: X.Org Video Driver
[    21.872] 	ABI class: X.Org Video Driver, version 25.2
[    21.872] (II) LoadModule: "fbdev"
[    21.873] (WW) Warning, couldn't open module fbdev
[    21.873] (EE) Failed to load module "fbdev" (module does not exist, 0)
[    21.873] (II) LoadModule: "vesa"
[    21.873] (II) Loading /usr/lib/xorg/modules/drivers/vesa_drv.so
[    21.873] (II) Module vesa: vendor="X.Org Foundation"
[    21.873] 	compiled for 1.21.1.11, module version = 2.6.0
[    21.873] 	Module class: X.Org Video Driver
[    21.873] 	ABI class: X.Org Video Driver, version 25.2
[    21.873] (II) modesetting: Driver for Modesetting Kernel Drivers: kms
[    21.873] (II) VESA: driver for VESA chipsets: vesa
[    21.873] xf86EnableIO: failed to enable I/O ports 0000-03ff (Operation not permitted)
[    21.873] (II) modeset(0): using drv /dev/dri/card1
[    21.873] (WW) VGA arbiter: cannot open kernel arbiter, no multi-card support
[    21.873] (II) modeset(0): Creating default Display subsection in Screen section
	"Default Screen Section" for depth/fbbpp 24/32
[    21.873] (==) modeset(0): Depth 24, (==) framebuffer bpp 32
[    21.873] (==) modeset(0): RGB weight 888
[    21.873] (==) modeset(0): Default visual is TrueColor
[    21.873] (II) Loading sub module "glamoregl"
[    21.873] (II) LoadModule: "glamoregl"
[    21.874] (II) Loading /usr/lib/xorg/modules/libglamoregl.so
[    21.881] (II) Module glamoregl: vendor="X.Org Foundation"
[    21.881] 	compiled for 1.21.1.11, module version = 1.0.1
[    21.881] 	ABI class: X.Org ANSI C Emulation, version 0.4
[    22.034] (II) modeset(0): glamor X acceleration enabled on Mesa Intel(R) UHD Graphics 620 (KBL GT2)
[    22.034] (II) modeset(0): glamor initialized
[    22.034] (==) modeset(0): VariableRefresh: disabled
[    22.034] (==) modeset(0): AsyncFlipSecondaries: disabled
[    22.036] (II) modeset(0): Output eDP-1 has no monitor section
[    22.037] (II) modeset(0): Output DP-1 has no monitor section
[    22.040] (II) modeset(0): Output HDMI-1 has no monitor section
[    22.040] (II) modeset(0): Output DP-2 has no monitor section
[    22.098] (II) modeset(0): Output HDMI-2 has no monitor section
[    22.100] (II) modeset(0): EDID for output eDP-1
[    22.100] (II) modeset(0): Manufacturer: BOE  Model: 6df  Serial#: 0
[    22.100] (II) modeset(0): Year: 2016  Week: 1
[    22.100] (II) modeset(0): EDID Version: 1.4
[    22.100] (II) modeset(0): Digital Display Input
[    22.100] (II) modeset(0): 8 bits per channel
[    22.100] (II) modeset(0): Digital interface is DisplayPort
[    22.100] (II) modeset(0): Max Image Size [cm]: horiz.: 31  vert.: 17
[    22.100] (II) modeset(0): Gamma: 2.20
[    22.100] (II) modeset(0): No DPMS capabilities specified
[    22.100] (II) modeset(0): Supported color encodings: RGB 4:4:4 
[    22.100] (II) modeset(0): First detailed timing is preferred mode
[    22.100] (II) modeset(0): Preferred mode is native pixel format and refresh rate
[    22.100] (II) modeset(0): redX: 0.639 redY: 0.328   greenX: 0.306 greenY: 0.607
[    22.100] (II) modeset(0): blueX: 0.145 blueY: 0.058   whiteX: 0.312 whiteY: 0.329
[    22.100] (II) modeset(0): Manufacturer's mask: 0
[    22.100] (II) modeset(0): Supported detailed timing:
[    22.100] (II) modeset(0): clock: 141.4 MHz   Image Size:  309 x 173 mm
[    22.100] (II) modeset(0): h_active: 1920  h_sync: 1980  h_sync_end 2012 h_blank_end 2142 h_border: 0
[    22.100] (II) modeset(0): v_active: 1080  v_sync: 1083  v_sync_end 1089 v_blanking: 1100 v_border: 0
[    22.100] (II) modeset(0): Supported detailed timing:
[    22.100] (II) modeset(0): clock: 113.1 MHz   Image Size:  309 x 173 mm
[    22.100] (II) modeset(0): h_active: 1920  h_sync: 1968  h_sync_end 2000 h_blank_end 2142 h_border: 0
[    22.100] (II) modeset(0): v_active: 1080  v_sync: 1083  v_sync_end 1089 v_blanking: 1100 v_border: 0
[    22.100] (II) modeset(0):  BOE CQ
[    22.100] (II) modeset(0):  HV140FHM-N61
[    22.100] (II) modeset(0): EDID (in hex):
[    22.100] (II) modeset(0): 	00ffffffffffff0009e5df0600000000
[    22.100] (II) modeset(0): 	011a0104a51f1178028631a3544e9b25
[    22.100] (II) modeset(0): 	0e505400000001010101010101010101
[    22.100] (II) modeset(0): 	0101010101013c3780de703814403c20
[    22.100] (II) modeset(0): 	360035ad1000001a302c80de70381440
[    22.100] (II) modeset(0): 	3020360035ad1000001a000000fe0042
[    22.100] (II) modeset(0): 	4f452043510a202020202020000000fe
[    22.100] (II) modeset(0): 	00485631343046484d2d4e36310a0049
[    22.101] (II) modeset(0): Printing probed modes for output eDP-1
[    22.101] (II) modeset(0): Modeline "1920x1080"x60.0  141.40  1920 1980 2012 2142  1080 1083 1089 1100 +hsync -vsync (66.0 kHz eP)
[    22.101] (II) modeset(0): Modeline "1920x1080"x120.0  356.38  1920 2080 2288 2656  1080 1081 1084 1118 doublescan -hsync +vsync (134.2 kHz d)
[    22.101] (II) modeset(0): Modeline "1920x1080"x119.9  266.50  1920 1944 1960 2000  1080 1081 1084 1111 doublescan +hsync -vsync (133.2 kHz d)
[    22.101] (II) modeset(0): Modeline "1920x1080"x60.0  173.00  1920 2048 2248 2576  1080 1083 1088 1120 -hsync +vsync (67.2 kHz d)
[    22.101] (II) modeset(0): Modeline "1920x1080"x59.9  138.50  1920 1968 2000 2080  1080 1083 1088 1111 +hsync -vsync (66.6 kHz d)
[    22.101] (II) modeset(0): Modeline "1920x1080"x48.0  113.12  1920 1968 2000 2142  1080 1083 1089 1100 +hsync -vsync (52.8 kHz e)
[    22.101] (II) modeset(0): Modeline "1680x1050"x60.0  146.25  1680 1784 1960 2240  1050 1053 1059 1089 -hsync +vsync (65.3 kHz d)
[    22.101] (II) modeset(0): Modeline "1680x1050"x59.9  119.00  1680 1728 1760 1840  1050 1053 1059 1080 +hsync -vsync (64.7 kHz d)
[    22.101] (II) modeset(0): Modeline "1400x1050"x60.0  122.00  1400 1488 1640 1880  1050 1052 1064 1082 +hsync +vsync (64.9 kHz d)
[    22.101] (II) modeset(0): Modeline "1600x900"x120.0  246.00  1600 1728 1900 2200  900 901 904 932 doublescan -hsync +vsync (111.8 kHz d)
[    22.101] (II) modeset(0): Modeline "1600x900"x119.9  186.50  1600 1624 1640 1680  900 901 904 926 doublescan +hsync -vsync (111.0 kHz d)
[    22.101] (II) modeset(0): Modeline "1600x900"x59.9  118.25  1600 1696 1856 2112  900 903 908 934 -hsync +vsync (56.0 kHz d)
[    22.101] (II) modeset(0): Modeline "1600x900"x59.8   97.50  1600 1648 1680 1760  900 903 908 926 +hsync -vsync (55.4 kHz d)
[    22.101] (II) modeset(0): Modeline "1280x1024"x60.0  108.00  1280 1328 1440 1688  1024 1025 1028 1066 +hsync +vsync (64.0 kHz d)
[    22.101] (II) modeset(0): Modeline "1400x900"x60.0  103.50  1400 1480 1624 1848  900 903 913 934 -hsync +vsync (56.0 kHz d)
[    22.101] (II) modeset(0): Modeline "1400x900"x59.9   86.50  1400 1448 1480 1560  900 903 913 926 +hsync -vsync (55.4 kHz d)
[    22.101] (II) modeset(0): Modeline "1280x960"x60.0  108.00  1280 1376 1488 1800  960 961 964 1000 +hsync +vsync (60.0 kHz d)
[    22.101] (II) modeset(0): Modeline "1440x810"x120.0  198.12  1440 1548 1704 1968  810 811 814 839 doublescan -hsync +vsync (100.7 kHz d)
[    22.101] (II) modeset(0): Modeline "1440x810"x119.9  151.88  1440 1464 1480 1520  810 811 814 833 doublescan +hsync -vsync (99.9 kHz d)
[    22.101] (II) modeset(0): Modeline "1368x768"x59.9   85.25  1368 1440 1576 1784  768 771 781 798 -hsync +vsync (47.8 kHz d)
[    22.101] (II) modeset(0): Modeline "1368x768"x59.9   72.25  1368 1416 1448 1528  768 771 781 790 +hsync -vsync (47.3 kHz d)
[    22.101] (II) modeset(0): Modeline "1280x800"x120.0  174.25  1280 1380 1516 1752  800 801 804 829 doublescan -hsync +vsync (99.5 kHz d)
[    22.101] (II) modeset(0): Modeline "1280x800"x119.9  134.25  1280 1304 1320 1360  800 801 804 823 doublescan +hsync -vsync (98.7 kHz d)
[    22.101] (II) modeset(0): Modeline "1280x800"x59.8   83.50  1280 1352 1480 1680  800 803 809 831 -hsync +vsync (49.7 kHz d)
[    22.101] (II) modeset(0): Modeline "1280x800"x59.9   71.00  1280 1328 1360 1440  800 803 809 823 +hsync -vsync (49.3 kHz d)
[    22.101] (II) modeset(0): Modeline "1280x720"x120.0  156.12  1280 1376 1512 1744  720 721 724 746 doublescan -hsync +vsync (89.5 kHz d)
[    22.101] (II) modeset(0): Modeline "1280x720"x120.0  120.75  1280 1304 1320 1360  720 721 724 740 doublescan +hsync -vsync (88.8 kHz d)
[    22.101] (II) modeset(0): Modeline "1280x720"x59.9   74.50  1280 1344 1472 1664  720 723 728 748 -hsync +vsync (44.8 kHz d)
[    22.101] (II) modeset(0): Modeline "1280x720"x59.7   63.75  1280 1328 1360 1440  720 723 728 741 +hsync -vsync (44.3 kHz d)
[    22.101] (II) modeset(0): Modeline "1024x768"x120.1  133.47  1024 1100 1212 1400  768 768 770 794 doublescan -hsync +vsync (95.3 kHz d)
[    22.101] (II) modeset(0): Modeline "1024x768"x60.0   65.00  1024 1048 1184 1344  768 771 777 806 -hsync -vsync (48.4 kHz d)
[    22.101] (II) modeset(0): Modeline "960x720"x120.0  117.00  960 1024 1128 1300  720 720 722 750 doublescan -hsync +vsync (90.0 kHz d)
[    22.101] (II) modeset(0): Modeline "928x696"x120.1  109.15  928 976 1088 1264  696 696 698 719 doublescan -hsync +vsync (86.4 kHz d)
[    22.101] (II) modeset(0): Modeline "896x672"x120.0  102.40  896 960 1060 1224  672 672 674 697 doublescan -hsync +vsync (83.7 kHz d)
[    22.101] (II) modeset(0): Modeline "1024x576"x119.9   98.50  1024 1092 1200 1376  576 577 580 597 doublescan -hsync +vsync (71.6 kHz d)
[    22.101] (II) modeset(0): Modeline "1024x576"x119.9   78.38  1024 1048 1064 1104  576 577 580 592 doublescan +hsync -vsync (71.0 kHz d)
[    22.101] (II) modeset(0): Modeline "1024x576"x59.9   46.50  1024 1064 1160 1296  576 579 584 599 -hsync +vsync (35.9 kHz d)
[    22.101] (II) modeset(0): Modeline "1024x576"x59.8   42.00  1024 1072 1104 1184  576 579 584 593 +hsync -vsync (35.5 kHz d)
[    22.101] (II) modeset(0): Modeline "960x600"x119.9   96.62  960 1028 1128 1296  600 601 604 622 doublescan -hsync +vsync (74.6 kHz d)
[    22.101] (II) modeset(0): Modeline "960x600"x120.0   77.00  960 984 1000 1040  600 601 604 617 doublescan +hsync -vsync (74.0 kHz d)
[    22.101] (II) modeset(0): Modeline "960x540"x119.9   86.50  960 1024 1124 1288  540 541 544 560 doublescan -hsync +vsync (67.2 kHz d)
[    22.101] (II) modeset(0): Modeline "960x540"x120.0   69.25  960 984 1000 1040  540 541 544 555 doublescan +hsync -vsync (66.6 kHz d)
[    22.101] (II) modeset(0): Modeline "960x540"x59.6   40.75  960 992 1088 1216  540 543 548 562 -hsync +vsync (33.5 kHz d)
[    22.101] (II) modeset(0): Modeline "960x540"x59.8   37.25  960 1008 1040 1120  540 543 548 556 +hsync -vsync (33.3 kHz d)
[    22.101] (II) modeset(0): Modeline "800x600"x120.0   81.00  800 832 928 1080  600 600 602 625 doublescan +hsync +vsync (75.0 kHz d)
[    22.101] (II) modeset(0): Modeline "800x600"x60.3   40.00  800 840 968 1056  600 601 605 628 +hsync +vsync (37.9 kHz d)
[    22.101] (II) modeset(0): Modeline "800x600"x56.2   36.00  800 824 896 1024  600 601 603 625 +hsync +vsync (35.2 kHz d)
[    22.101] (II) modeset(0): Modeline "840x525"x120.0   73.12  840 892 980 1120  525 526 529 544 doublescan -hsync +vsync (65.3 kHz d)
[    22.101] (II) modeset(0): Modeline "840x525"x119.8   59.50  840 864 880 920  525 526 529 540 doublescan +hsync -vsync (64.7 kHz d)
[    22.101] (II) modeset(0): Modeline "864x486"x59.9   32.50  864 888 968 1072  486 489 494 506 -hsync +vsync (30.3 kHz d)
[    22.101] (II) modeset(0): Modeline "864x486"x59.6   30.50  864 912 944 1024  486 489 494 500 +hsync -vsync (29.8 kHz d)
[    22.101] (II) modeset(0): Modeline "700x525"x120.0   61.00  700 744 820 940  525 526 532 541 doublescan +hsync +vsync (64.9 kHz d)
[    22.101] (II) modeset(0): Modeline "800x450"x119.9   59.12  800 848 928 1056  450 451 454 467 doublescan -hsync +vsync (56.0 kHz d)
[    22.101] (II) modeset(0): Modeline "800x450"x119.6   48.75  800 824 840 880  450 451 454 463 doublescan +hsync -vsync (55.4 kHz d)
[    22.101] (II) modeset(0): Modeline "640x512"x120.0   54.00  640 664 720 844  512 512 514 533 doublescan +hsync +vsync (64.0 kHz d)
[    22.101] (II) modeset(0): Modeline "700x450"x119.9   51.75  700 740 812 924  450 451 456 467 doublescan -hsync +vsync (56.0 kHz d)
[    22.101] (II) modeset(0): Modeline "700x450"x119.8   43.25  700 724 740 780  450 451 456 463 doublescan +hsync -vsync (55.4 kHz d)
[    22.101] (II) modeset(0): Modeline "640x480"x120.0   54.00  640 688 744 900  480 480 482 500 doublescan +hsync +vsync (60.0 kHz d)
[    22.101] (II) modeset(0): Modeline "640x480"x59.9   25.18  640 656 752 800  480 490 492 525 -hsync -vsync (31.5 kHz d)
[    22.101] (II) modeset(0): Modeline "720x405"x59.5   22.50  720 744 808 896  405 408 413 422 -hsync +vsync (25.1 kHz d)
[    22.101] (II) modeset(0): Modeline "720x405"x59.0   21.75  720 768 800 880  405 408 413 419 +hsync -vsync (24.7 kHz d)
[    22.101] (II) modeset(0): Modeline "684x384"x119.8   42.62  684 720 788 892  384 385 390 399 doublescan -hsync +vsync (47.8 kHz d)
[    22.101] (II) modeset(0): Modeline "684x384"x119.7   36.12  684 708 724 764  384 385 390 395 doublescan +hsync -vsync (47.3 kHz d)
[    22.101] (II) modeset(0): Modeline "640x400"x119.8   41.75  640 676 740 840  400 401 404 415 doublescan -hsync +vsync (49.7 kHz d)
[    22.101] (II) modeset(0): Modeline "640x400"x120.0   35.50  640 664 680 720  400 401 404 411 doublescan +hsync -vsync (49.3 kHz d)
[    22.101] (II) modeset(0): Modeline "640x360"x119.7   37.25  640 672 736 832  360 361 364 374 doublescan -hsync +vsync (44.8 kHz d)
[    22.102] (II) modeset(0): Modeline "640x360"x119.7   31.88  640 664 680 720  360 361 364 370 doublescan +hsync -vsync (44.3 kHz d)
[    22.102] (II) modeset(0): Modeline "640x360"x59.8   18.00  640 664 720 800  360 363 368 376 -hsync +vsync (22.5 kHz d)
[    22.102] (II) modeset(0): Modeline "640x360"x59.3   17.75  640 688 720 800  360 363 368 374 +hsync -vsync (22.2 kHz d)
[    22.102] (II) modeset(0): Modeline "512x384"x120.0   32.50  512 524 592 672  384 385 388 403 doublescan -hsync -vsync (48.4 kHz d)
[    22.102] (II) modeset(0): Modeline "512x288"x120.0   23.25  512 532 580 648  288 289 292 299 doublescan -hsync +vsync (35.9 kHz d)
[    22.102] (II) modeset(0): Modeline "512x288"x119.8   21.00  512 536 552 592  288 289 292 296 doublescan +hsync -vsync (35.5 kHz d)
[    22.102] (II) modeset(0): Modeline "480x270"x119.3   20.38  480 496 544 608  270 271 274 281 doublescan -hsync +vsync (33.5 kHz d)
[    22.102] (II) modeset(0): Modeline "480x270"x119.6   18.62  480 504 520 560  270 271 274 278 doublescan +hsync -vsync (33.3 kHz d)
[    22.102] (II) modeset(0): Modeline "400x300"x120.6   20.00  400 420 484 528  300 300 302 314 doublescan +hsync +vsync (37.9 kHz d)
[    22.102] (II) modeset(0): Modeline "400x300"x112.7   18.00  400 412 448 512  300 300 301 312 doublescan +hsync +vsync (35.2 kHz d)
[    22.102] (II) modeset(0): Modeline "432x243"x119.8   16.25  432 444 484 536  243 244 247 253 doublescan -hsync +vsync (30.3 kHz d)
[    22.102] (II) modeset(0): Modeline "432x243"x119.1   15.25  432 456 472 512  243 244 247 250 doublescan +hsync -vsync (29.8 kHz d)
[    22.102] (II) modeset(0): Modeline "320x240"x120.1   12.59  320 328 376 400  240 245 246 262 doublescan -hsync -vsync (31.5 kHz d)
[    22.102] (II) modeset(0): Modeline "360x202"x119.0   11.25  360 372 404 448  202 204 206 211 doublescan -hsync +vsync (25.1 kHz d)
[    22.102] (II) modeset(0): Modeline "360x202"x118.3   10.88  360 384 400 440  202 204 206 209 doublescan +hsync -vsync (24.7 kHz d)
[    22.102] (II) modeset(0): Modeline "320x180"x119.7    9.00  320 332 360 400  180 181 184 188 doublescan -hsync +vsync (22.5 kHz d)
[    22.102] (II) modeset(0): Modeline "320x180"x118.6    8.88  320 344 360 400  180 181 184 187 doublescan +hsync -vsync (22.2 kHz d)
[    22.102] (II) modeset(0): EDID for output DP-1
[    22.105] (II) modeset(0): EDID for output HDMI-1
[    22.105] (II) modeset(0): EDID for output DP-2
[    22.163] (II) modeset(0): EDID for output HDMI-2
[    22.163] (II) modeset(0): Output eDP-1 connected
[    22.163] (II) modeset(0): Output DP-1 disconnected
[    22.163] (II) modeset(0): Output HDMI-1 disconnected
[    22.163] (II) modeset(0): Output DP-2 disconnected
[    22.163] (II) modeset(0): Output HDMI-2 disconnected
[    22.163] (II) modeset(0): Using exact sizes for initial modes
[    22.163] (II) modeset(0): Output eDP-1 using initial mode 1920x1080 +0+0
[    22.163] (==) modeset(0): Using gamma correction (1.0, 1.0, 1.0)
[    22.163] (==) modeset(0): DPI set to (96, 96)
[    22.163] (II) Loading sub module "fb"
[    22.163] (II) LoadModule: "fb"
[    22.163] (II) Module "fb" already built-in
[    22.163] (II) UnloadModule: "vesa"
[    22.163] (II) Unloading vesa
[    22.307] (==) modeset(0): Backing store enabled
[    22.307] (==) modeset(0): Silken mouse enabled
[    22.397] (II) modeset(0): Initializing kms color map for depth 24, 8 bpc.
[    22.397] (==) modeset(0): DPMS enabled
[    22.397] (II) modeset(0): [DRI2] Setup complete
[    22.397] (II) modeset(0): [DRI2]   DRI driver: iris
[    22.397] (II) modeset(0): [DRI2]   VDPAU driver: va_gl
[    22.397] (II) Initializing extension Generic Event Extension
[    22.397] (II) Initializing extension SHAPE
[    22.397] (II) Initializing extension MIT-SHM
[    22.398] (II) Initializing extension XInputExtension
[    22.398] (II) Initializing extension XTEST
[    22.398] (II) Initializing extension BIG-REQUESTS
[    22.398] (II) Initializing extension SYNC
[    22.398] (II) Initializing extension XKEYBOARD
[    22.398] (II) Initializing extension XC-MISC
[    22.399] (II) Initializing extension SECURITY
[    22.399] (II) Initializing extension XFIXES
[    22.399] (II) Initializing extension RENDER
[    22.399] (II) Initializing extension RANDR
[    22.399] (II) Initializing extension COMPOSITE
[    22.399] (II) Initializing extension DAMAGE
[    22.400] (II) Initializing extension MIT-SCREEN-SAVER
[    22.400] (II) Initializing extension DOUBLE-BUFFER
[    22.400] (II) Initializing extension RECORD
[    22.400] (II) Initializing extension DPMS
[    22.400] (II) Initializing extension Present
[    22.400] (II) Initializing extension DRI3
[    22.401] (II) Initializing extension X-Resource
[    22.401] (II) Initializing extension XVideo
[    22.401] (II) Initializing extension XVideo-MotionCompensation
[    22.401] (II) Initializing extension GLX
[    22.410] (II) AIGLX: Loaded and initialized iris
[    22.410] (II) GLX: Initialized DRI2 GL provider for screen 0
[    22.410] (II) Initializing extension XFree86-VidModeExtension
[    22.411] (II) Initializing extension XFree86-DGA
[    22.411] (II) Initializing extension XFree86-DRI
[    22.411] (II) Initializing extension DRI2
[    22.411] (II) modeset(0): Damage tracking initialized
[    22.411] (II) modeset(0): Setting screen physical size to 508 x 285
[    22.683] (II) config/udev: Adding input device Power Button (/dev/input/event2)
[    22.684] (**) Power Button: Applying InputClass "libinput keyboard catchall"
[    22.684] (II) LoadModule: "libinput"
[    22.684] (II) Loading /usr/lib/xorg/modules/input/libinput_drv.so
[    22.689] (II) Module libinput: vendor="X.Org Foundation"
[    22.689] 	compiled for 1.21.1.8, module version = 1.4.0
[    22.689] 	Module class: X.Org XInput Driver
[    22.689] 	ABI class: X.Org XInput driver, version 24.4
[    22.689] (II) Using input driver 'libinput' for 'Power Button'
[    22.690] (II) systemd-logind: got fd for /dev/input/event2 13:66 fd 27 paused 0
[    22.690] (**) Power Button: always reports core events
[    22.690] (**) Option "Device" "/dev/input/event2"
[    22.696] (II) event2  - Power Button: is tagged by udev as: Keyboard
[    22.696] (II) event2  - Power Button: device is a keyboard
[    22.697] (II) event2  - Power Button: device removed
[    22.697] (**) Option "config_info" "udev:/sys/devices/LNXSYSTM:00/LNXPWRBN:00/input/input2/event2"
[    22.697] (II) XINPUT: Adding extended input device "Power Button" (type: KEYBOARD, id 6)
[    22.698] (II) event2  - Power Button: is tagged by udev as: Keyboard
[    22.698] (II) event2  - Power Button: device is a keyboard
[    22.699] (II) config/udev: Adding input device Video Bus (/dev/input/event4)
[    22.699] (**) Video Bus: Applying InputClass "libinput keyboard catchall"
[    22.699] (II) Using input driver 'libinput' for 'Video Bus'
[    22.700] (II) systemd-logind: got fd for /dev/input/event4 13:68 fd 30 paused 0
[    22.700] (**) Video Bus: always reports core events
[    22.700] (**) Option "Device" "/dev/input/event4"
[    22.702] (II) event4  - Video Bus: is tagged by udev as: Keyboard
[    22.702] (II) event4  - Video Bus: device is a keyboard
[    22.702] (II) event4  - Video Bus: device removed
[    22.702] (**) Option "config_info" "udev:/sys/devices/LNXSYSTM:00/LNXSYBUS:00/PNP0A08:00/LNXVIDEO:00/input/input5/event4"
[    22.702] (II) XINPUT: Adding extended input device "Video Bus" (type: KEYBOARD, id 7)
[    22.704] (II) event4  - Video Bus: is tagged by udev as: Keyboard
[    22.704] (II) event4  - Video Bus: device is a keyboard
[    22.705] (II) config/udev: Adding input device Lid Switch (/dev/input/event1)
[    22.705] (II) No input driver specified, ignoring this device.
[    22.705] (II) This device may have been added with another device file.
[    22.706] (II) config/udev: Adding input device Sleep Button (/dev/input/event0)
[    22.706] (**) Sleep Button: Applying InputClass "libinput keyboard catchall"
[    22.706] (II) Using input driver 'libinput' for 'Sleep Button'
[    22.707] (II) systemd-logind: got fd for /dev/input/event0 13:64 fd 31 paused 0
[    22.707] (**) Sleep Button: always reports core events
[    22.707] (**) Option "Device" "/dev/input/event0"
[    22.709] (II) event0  - Sleep Button: is tagged by udev as: Keyboard
[    22.709] (II) event0  - Sleep Button: device is a keyboard
[    22.709] (II) event0  - Sleep Button: device removed
[    22.709] (**) Option "config_info" "udev:/sys/devices/LNXSYSTM:00/LNXSYBUS:00/PNP0C0E:00/input/input0/event0"
[    22.709] (II) XINPUT: Adding extended input device "Sleep Button" (type: KEYBOARD, id 8)
[    22.711] (II) event0  - Sleep Button: is tagged by udev as: Keyboard
[    22.711] (II) event0  - Sleep Button: device is a keyboard
[    22.713] (II) config/udev: Adding input device HDA Intel PCH Mic (/dev/input/event7)
[    22.713] (II) No input driver specified, ignoring this device.
[    22.713] (II) This device may have been added with another device file.
[    22.714] (II) config/udev: Adding input device HDA Intel PCH Headphone (/dev/input/event8)
[    22.714] (II) No input driver specified, ignoring this device.
[    22.714] (II) This device may have been added with another device file.
[    22.714] (II) config/udev: Adding input device HDA Intel PCH HDMI/DP,pcm=3 (/dev/input/event9)
[    22.714] (II) No input driver specified, ignoring this device.
[    22.714] (II) This device may have been added with another device file.
[    22.715] (II) config/udev: Adding input device HDA Intel PCH HDMI/DP,pcm=7 (/dev/input/event10)
[    22.715] (II) No input driver specified, ignoring this device.
[    22.715] (II) This device may have been added with another device file.
[    22.716] (II) config/udev: Adding input device HDA Intel PCH HDMI/DP,pcm=8 (/dev/input/event11)
[    22.716] (II) No input driver specified, ignoring this device.
[    22.716] (II) This device may have been added with another device file.
[    22.717] (II) config/udev: Adding input device Synaptics TM3289-021 (/dev/input/event12)
[    22.717] (**) Synaptics TM3289-021: Applying InputClass "libinput touchpad catchall"
[    22.717] (**) Synaptics TM3289-021: Applying InputClass "touchpad catchall"
[    22.717] (**) Synaptics TM3289-021: Applying InputClass "Default clickpad buttons"
[    22.717] (II) LoadModule: "synaptics"
[    22.717] (II) Loading /usr/lib/xorg/modules/input/synaptics_drv.so
[    22.718] (II) Module synaptics: vendor="X.Org Foundation"
[    22.718] 	compiled for 1.21.1.3, module version = 1.9.2
[    22.718] 	Module class: X.Org XInput Driver
[    22.718] 	ABI class: X.Org XInput driver, version 24.4
[    22.718] (II) Using input driver 'synaptics' for 'Synaptics TM3289-021'
[    22.718] (II) systemd-logind: got fd for /dev/input/event12 13:76 fd 32 paused 0
[    22.718] (**) Synaptics TM3289-021: always reports core events
[    22.718] (**) Option "Device" "/dev/input/event12"
[    22.719] (II) synaptics: Synaptics TM3289-021: found clickpad property
[    22.719] (--) synaptics: Synaptics TM3289-021: x-axis range 0 - 1936 (res 20)
[    22.719] (--) synaptics: Synaptics TM3289-021: y-axis range 0 - 1057 (res 20)
[    22.719] (--) synaptics: Synaptics TM3289-021: pressure range 0 - 255
[    22.719] (II) synaptics: Synaptics TM3289-021: device does not report finger width.
[    22.719] (--) synaptics: Synaptics TM3289-021: buttons: left double triple
[    22.719] (--) synaptics: Synaptics TM3289-021: Vendor 0x6cb Product 0
[    22.719] (--) synaptics: Synaptics TM3289-021: invalid finger width range.  defaulting to 0 - 15
[    22.719] (**) Option "SoftButtonAreas" "50% 0 82% 0 0 0 0 0"
[    22.719] (--) synaptics: Synaptics TM3289-021: touchpad found
[    22.719] (**) Synaptics TM3289-021: always reports core events
[    22.719] (**) Option "config_info" "udev:/sys/devices/pci0000:00/0000:00:1f.4/i2c-6/6-002c/rmi4-00/input/input9/event12"
[    22.719] (II) XINPUT: Adding extended input device "Synaptics TM3289-021" (type: TOUCHPAD, id 9)
[    22.719] (**) synaptics: Synaptics TM3289-021: (accel) MinSpeed is now constant deceleration 2.5
[    22.719] (**) synaptics: Synaptics TM3289-021: (accel) MaxSpeed is now 1.75
[    22.719] (**) synaptics: Synaptics TM3289-021: (accel) AccelFactor is now 0.091
[    22.719] (**) Synaptics TM3289-021: (accel) keeping acceleration scheme 1
[    22.719] (**) Synaptics TM3289-021: (accel) acceleration profile 1
[    22.719] (**) Synaptics TM3289-021: (accel) acceleration factor: 2.000
[    22.719] (**) Synaptics TM3289-021: (accel) acceleration threshold: 4
[    22.719] (--) synaptics: Synaptics TM3289-021: touchpad found
[    22.720] (II) config/udev: Adding input device Synaptics TM3289-021 (/dev/input/mouse0)
[    22.720] (**) Synaptics TM3289-021: Ignoring device from InputClass "touchpad ignore duplicates"
[    22.722] (II) config/udev: Adding input device TPPS/2 Elan TrackPoint (/dev/input/event13)
[    22.722] (**) TPPS/2 Elan TrackPoint: Applying InputClass "libinput pointer catchall"
[    22.722] (II) Using input driver 'libinput' for 'TPPS/2 Elan TrackPoint'
[    22.722] (II) systemd-logind: got fd for /dev/input/event13 13:77 fd 33 paused 0
[    22.722] (**) TPPS/2 Elan TrackPoint: always reports core events
[    22.722] (**) Option "Device" "/dev/input/event13"
[    22.725] (II) event13 - TPPS/2 Elan TrackPoint: is tagged by udev as: Mouse Pointingstick
[    22.726] (II) event13 - TPPS/2 Elan TrackPoint: trackpoint multiplier is 0.40
[    22.726] (II) event13 - TPPS/2 Elan TrackPoint: device is a pointer
[    22.727] (II) event13 - TPPS/2 Elan TrackPoint: device removed
[    22.727] (II) libinput: TPPS/2 Elan TrackPoint: Step value 0 was provided, libinput Fallback acceleration function is used.
[    22.727] (II) libinput: TPPS/2 Elan TrackPoint: Step value 0 was provided, libinput Fallback acceleration function is used.
[    22.727] (II) libinput: TPPS/2 Elan TrackPoint: Step value 0 was provided, libinput Fallback acceleration function is used.
[    22.727] (**) Option "config_info" "udev:/sys/devices/pci0000:00/0000:00:1f.4/i2c-6/6-002c/rmi4-00/rmi4-00.fn03/serio2/input/input15/event13"
[    22.727] (II) XINPUT: Adding extended input device "TPPS/2 Elan TrackPoint" (type: MOUSE, id 10)
[    22.727] (**) Option "AccelerationScheme" "none"
[    22.727] (**) TPPS/2 Elan TrackPoint: (accel) selected scheme none/0
[    22.727] (**) TPPS/2 Elan TrackPoint: (accel) acceleration factor: 2.000
[    22.727] (**) TPPS/2 Elan TrackPoint: (accel) acceleration threshold: 4
[    22.730] (II) event13 - TPPS/2 Elan TrackPoint: is tagged by udev as: Mouse Pointingstick
[    22.731] (II) event13 - TPPS/2 Elan TrackPoint: trackpoint multiplier is 0.40
[    22.731] (II) event13 - TPPS/2 Elan TrackPoint: device is a pointer
[    22.733] (II) config/udev: Adding input device TPPS/2 Elan TrackPoint (/dev/input/mouse1)
[    22.733] (II) No input driver specified, ignoring this device.
[    22.733] (II) This device may have been added with another device file.
[    22.734] (II) config/udev: Adding input device AT Translated Set 2 keyboard (/dev/input/event3)
[    22.734] (**) AT Translated Set 2 keyboard: Applying InputClass "libinput keyboard catchall"
[    22.734] (II) Using input driver 'libinput' for 'AT Translated Set 2 keyboard'
[    22.735] (II) systemd-logind: got fd for /dev/input/event3 13:67 fd 34 paused 0
[    22.735] (**) AT Translated Set 2 keyboard: always reports core events
[    22.735] (**) Option "Device" "/dev/input/event3"
[    22.737] (II) event3  - AT Translated Set 2 keyboard: is tagged by udev as: Keyboard
[    22.737] (II) event3  - AT Translated Set 2 keyboard: device is a keyboard
[    22.738] (II) event3  - AT Translated Set 2 keyboard: device removed
[    22.738] (**) Option "config_info" "udev:/sys/devices/platform/i8042/serio0/input/input3/event3"
[    22.738] (II) XINPUT: Adding extended input device "AT Translated Set 2 keyboard" (type: KEYBOARD, id 11)
[    22.740] (II) event3  - AT Translated Set 2 keyboard: is tagged by udev as: Keyboard
[    22.740] (II) event3  - AT Translated Set 2 keyboard: device is a keyboard
[    22.742] (II) config/udev: Adding input device PC Speaker (/dev/input/event5)
[    22.742] (II) No input driver specified, ignoring this device.
[    22.742] (II) This device may have been added with another device file.
[    22.748] (II) config/udev: Adding input device ThinkPad Extra Buttons (/dev/input/event6)
[    22.748] (**) ThinkPad Extra Buttons: Applying InputClass "libinput keyboard catchall"
[    22.748] (II) Using input driver 'libinput' for 'ThinkPad Extra Buttons'
[    22.749] (II) systemd-logind: got fd for /dev/input/event6 13:70 fd 35 paused 0
[    22.749] (**) ThinkPad Extra Buttons: always reports core events
[    22.749] (**) Option "Device" "/dev/input/event6"
[    22.750] (II) event6  - ThinkPad Extra Buttons: is tagged by udev as: Keyboard Switch
[    22.750] (II) event6  - ThinkPad Extra Buttons: device is a keyboard
[    22.751] (II) event6  - ThinkPad Extra Buttons: device removed
[    22.751] (**) Option "config_info" "udev:/sys/devices/platform/thinkpad_acpi/input/input8/event6"
[    22.751] (II) XINPUT: Adding extended input device "ThinkPad Extra Buttons" (type: KEYBOARD, id 12)
[    22.752] (II) event6  - ThinkPad Extra Buttons: is tagged by udev as: Keyboard Switch
[    22.752] (II) event6  - ThinkPad Extra Buttons: device is a keyboard
[    35.124] (II) config/udev: Adding input device SIGMACHIP Usb Mouse (/dev/input/mouse2)
[    35.124] (II) No input driver specified, ignoring this device.
[    35.124] (II) This device may have been added with another device file.
[    35.224] (II) config/udev: Adding input device SIGMACHIP Usb Mouse (/dev/input/event14)
[    35.225] (**) SIGMACHIP Usb Mouse: Applying InputClass "libinput pointer catchall"
[    35.225] (II) Using input driver 'libinput' for 'SIGMACHIP Usb Mouse'
[    35.280] (II) systemd-logind: got fd for /dev/input/event14 13:78 fd 44 paused 0
[    35.280] (**) SIGMACHIP Usb Mouse: always reports core events
[    35.280] (**) Option "Device" "/dev/input/event14"
[    35.283] (II) event14 - SIGMACHIP Usb Mouse: is tagged by udev as: Mouse
[    35.283] (II) event14 - SIGMACHIP Usb Mouse: device is a pointer
[    35.284] (II) event14 - SIGMACHIP Usb Mouse: device removed
[    35.284] (II) libinput: SIGMACHIP Usb Mouse: Step value 0 was provided, libinput Fallback acceleration function is used.
[    35.284] (II) libinput: SIGMACHIP Usb Mouse: Step value 0 was provided, libinput Fallback acceleration function is used.
[    35.284] (II) libinput: SIGMACHIP Usb Mouse: Step value 0 was provided, libinput Fallback acceleration function is used.
[    35.284] (**) Option "config_info" "udev:/sys/devices/pci0000:00/0000:00:14.0/usb1/1-1/1-1:1.0/0003:1C4F:0034.0001/input/input16/event14"
[    35.284] (II) XINPUT: Adding extended input device "SIGMACHIP Usb Mouse" (type: MOUSE, id 13)
[    35.284] (**) Option "AccelerationScheme" "none"
[    35.284] (**) SIGMACHIP Usb Mouse: (accel) selected scheme none/0
[    35.284] (**) SIGMACHIP Usb Mouse: (accel) acceleration factor: 2.000
[    35.284] (**) SIGMACHIP Usb Mouse: (accel) acceleration threshold: 4
[    35.287] (II) event14 - SIGMACHIP Usb Mouse: is tagged by udev as: Mouse
[    35.287] (II) event14 - SIGMACHIP Usb Mouse: device is a pointer
